Nod creat:
2
1
1
NULL - stg-stg
NULL - stg-drt
NULL - drt-stg
NULL - drt-drt
Nod creat:
2
1
1
NULL - stg-stg
NULL - stg-drt
NULL - drt-stg
NULL - drt-drt
Nod creat:
2
1
1
NULL - stg-stg
NULL - stg-drt
NULL - drt-stg
NULL - drt-drt
Nod creat:
4
2
2
NULL - stg-stg
NULL - stg-drt
NULL - drt-stg
NULL - drt-drt
Nod creat:
4
2
2
NULL - stg-stg
NULL - stg-drt
NULL - drt-stg
NULL - drt-drt
Nod creat:
4
2
2
NULL - stg-stg
NULL - stg-drt
NULL - drt-stg
NULL - drt-drt
Nod creat:
4
2
2
Nod creat:
5
2
3
NULL - drt-stg
NULL - drt-drt
Nod creat:
8
4
4
NULL - stg-stg
NULL - stg-drt
NULL - drt-stg
NULL - drt-drt
Nod creat:
8
4
4
Nod creat:
8
4
4
Nod creat:
12
5
7
NULL - drt-stg
NULL - drt-drt
Nod creat:
16
8
8
Nod creat:
20
8
12
Nod creat:
36
16
20
